Start testing: Aug 30 16:31 Central Daylight Time
----------------------------------------------------------
1/1 Testing: security_lab_tests
1/1 Test: security_lab_tests
Command: "C:/Users/Phant/Documents/Codex/2026-08-13/referenced-chatgpt-conversation-this-is-an/work/repository-upgrades/cs-405-secure-coding/build/Debug/security_lab_tests.exe"
Directory: C:/Users/Phant/Documents/Codex/2026-08-13/referenced-chatgpt-conversation-this-is-an/work/repository-upgrades/cs-405-secure-coding/build
"security_lab_tests" start time: Aug 30 16:31 Central Daylight Time
Output:
----------------------------------------------------------
All secure-coding tests passed.
<end of output>
Test time =   0.79 sec
----------------------------------------------------------
Test Passed.
"security_lab_tests" end time: Aug 30 16:31 Central Daylight Time
"security_lab_tests" time elapsed: 00:00:00
----------------------------------------------------------

End testing: Aug 30 16:31 Central Daylight Time
